<?xml version="1.0" encoding="UTF-8" standalone="yes"?><!DOCTYPE report PUBLIC "-//JACOCO//DTD Report 1.1//EN" "report.dtd"><report name="thePassenger"><sessioninfo id="DESKTOP-93V8IOF-44343e9a" start="1667263260772" dump="1667263262912"/><sessioninfo id="DESKTOP-93V8IOF-69b688fe" start="1667263904619" dump="1667263906444"/><sessioninfo id="DESKTOP-93V8IOF-a2b04730" start="1667263986321" dump="1667263987945"/><sessioninfo id="DESKTOP-93V8IOF-df7383cb" start="1667264002402" dump="1667264003972"/><sessioninfo id="DESKTOP-93V8IOF-562f9ff2" start="1667264603771" dump="1667264605500"/><sessioninfo id="DESKTOP-93V8IOF-bc8d2e4e" start="1667265624413" dump="1667265625986"/><sessioninfo id="DESKTOP-93V8IOF-5a345a4c" start="1667266048427" dump="1667266050407"/><sessioninfo id="DESKTOP-93V8IOF-841cfbd6" start="1667266150913" dump="1667266152619"/><sessioninfo id="DESKTOP-93V8IOF-b39062c7" start="1667266248122" dump="1667266249794"/><sessioninfo id="DESKTOP-93V8IOF-6b029112" start="1667266303014" dump="1667266304585"/><sessioninfo id="DESKTOP-93V8IOF-101b7283" start="1667266329914" dump="1667266331541"/><sessioninfo id="DESKTOP-93V8IOF-b2e8c218" start="1667266770655" dump="1667266772363"/><sessioninfo id="DESKTOP-93V8IOF-64551cd7" start="1667266851386" dump="1667266853332"/><sessioninfo id="DESKTOP-93V8IOF-5f27de26" start="1667267146989" dump="1667267148487"/><sessioninfo id="DESKTOP-93V8IOF-fccc908e" start="1667673426162" dump="1667673427689"/><sessioninfo id="DESKTOP-93V8IOF-299cfcf1" start="1667673462457" dump="1667673464236"/><sessioninfo id="DESKTOP-93V8IOF-d2965cad" start="1667674780393" dump="1667674781903"/><sessioninfo id="DESKTOP-93V8IOF-a8901a" start="1667674800609" dump="1667674802015"/><package name="ie/atu"><class name="ie/atu/passenger" sourcefilename="passenger.java"><method name="&lt;init&gt;" desc="(Ljava/lang/String;Ljava/lang/String;Ljava/lang/String;Ljava/lang/String;I)V" line="10"><counter type="INSTRUCTION" missed="0" covered="67"/><counter type="BRANCH" missed="0" covered="14"/><counter type="LINE" missed="0" covered="17"/><counter type="COMPLEXITY" missed="0" covered="8"/><counter type="METHOD" missed="0" covered="1"/></method><method name="getTitle" desc="()Ljava/lang/String;" line="40"><counter type="INSTRUCTION" missed="0" covered="3"/><counter type="LINE" missed="0" covered="1"/><counter type="COMPLEXITY" missed="0" covered="1"/><counter type="METHOD" missed="0" covered="1"/></method><method name="getName" desc="()Ljava/lang/String;" line="44"><counter type="INSTRUCTION" missed="0" covered="3"/><counter type="LINE" missed="0" covered="1"/><counter type="COMPLEXITY" missed="0" covered="1"/><counter type="METHOD" missed="0" covered="1"/></method><method name="getID" desc="()Ljava/lang/String;" line="48"><counter type="INSTRUCTION" missed="0" covered="3"/><counter type="LINE" missed="0" covered="1"/><counter type="COMPLEXITY" missed="0" covered="1"/><counter type="METHOD" missed="0" covered="1"/></method><method name="getPhone" desc="()Ljava/lang/String;" line="52"><counter type="INSTRUCTION" missed="0" covered="3"/><counter type="LINE" missed="0" covered="1"/><counter type="COMPLEXITY" missed="0" covered="1"/><counter type="METHOD" missed="0" covered="1"/></method><method name="getAge" desc="()I" line="56"><counter type="INSTRUCTION" missed="0" covered="3"/><counter type="LINE" missed="0" covered="1"/><counter type="COMPLEXITY" missed="0" covered="1"/><counter type="METHOD" missed="0" covered="1"/></method><counter type="INSTRUCTION" missed="0" covered="82"/><counter type="BRANCH" missed="0" covered="14"/><counter type="LINE" missed="0" covered="22"/><counter type="COMPLEXITY" missed="0" covered="13"/><counter type="METHOD" missed="0" covered="6"/><counter type="CLASS" missed="0" covered="1"/></class><sourcefile name="passenger.java"><line nr="10" mi="0" ci="2" mb="0" cb="0"/><line nr="12" mi="0" ci="9" mb="0" cb="6"/><line nr="13" mi="0" ci="5" mb="0" cb="0"/><line nr="16" mi="0" ci="4" mb="0" cb="2"/><line nr="17" mi="0" ci="5" mb="0" cb="0"/><line nr="20" mi="0" ci="4" mb="0" cb="2"/><line nr="21" mi="0" ci="5" mb="0" cb="0"/><line nr="24" mi="0" ci="4" mb="0" cb="2"/><line nr="25" mi="0" ci="5" mb="0" cb="0"/><line nr="28" mi="0" ci="3" mb="0" cb="2"/><line nr="29" mi="0" ci="5" mb="0" cb="0"/><line nr="32" mi="0" ci="3" mb="0" cb="0"/><line nr="33" mi="0" ci="3" mb="0" cb="0"/><line nr="34" mi="0" ci="3" mb="0" cb="0"/><line nr="35" mi="0" ci="3" mb="0" cb="0"/><line nr="36" mi="0" ci="3" mb="0" cb="0"/><line nr="37" mi="0" ci="1" mb="0" cb="0"/><line nr="40" mi="0" ci="3" mb="0" cb="0"/><line nr="44" mi="0" ci="3" mb="0" cb="0"/><line nr="48" mi="0" ci="3" mb="0" cb="0"/><line nr="52" mi="0" ci="3" mb="0" cb="0"/><line nr="56" mi="0" ci="3" mb="0" cb="0"/><counter type="INSTRUCTION" missed="0" covered="82"/><counter type="BRANCH" missed="0" covered="14"/><counter type="LINE" missed="0" covered="22"/><counter type="COMPLEXITY" missed="0" covered="13"/><counter type="METHOD" missed="0" covered="6"/><counter type="CLASS" missed="0" covered="1"/></sourcefile><counter type="INSTRUCTION" missed="0" covered="82"/><counter type="BRANCH" missed="0" covered="14"/><counter type="LINE" missed="0" covered="22"/><counter type="COMPLEXITY" missed="0" covered="13"/><counter type="METHOD" missed="0" covered="6"/><counter type="CLASS" missed="0" covered="1"/></package><counter type="INSTRUCTION" missed="0" covered="82"/><counter type="BRANCH" missed="0" covered="14"/><counter type="LINE" missed="0" covered="22"/><counter type="COMPLEXITY" missed="0" covered="13"/><counter type="METHOD" missed="0" covered="6"/><counter type="CLASS" missed="0" covered="1"/></report>