<?xml version="1.0" encoding="UTF-8"?>
<testsuite xmlns:xsi="http://www.w3.org/2001/XMLSchema-instance" xsi:noNamespaceSchemaLocation="https://maven.apache.org/surefire/maven-surefire-plugin/xsd/surefire-test-report-3.0.xsd" version="3.0" name="ie.atu.passengerTest" time="0.251" tests="10" errors="0" skipped="0" failures="0">
  <properties>
[...]
</properties>
  <testcase name="testConstuctorSuccessName" classname="ie.atu.passengerTest" time="0.129"/>
  <testcase name="testConstuctorSuccessAge" classname="ie.atu.passengerTest" time="0.003"/>
  <testcase name="testConstructorFailID" classname="ie.atu.passengerTest" time="0.007"/>
  <testcase name="testConstructorFailAge" classname="ie.atu.passengerTest" time="0.003"/>
  <testcase name="testConstructorFailPhone" classname="ie.atu.passengerTest" time="0.003"/>
  <testcase name="testConstructorFailTitle" classname="ie.atu.passengerTest" time="0.004"/>
  <testcase name="testConstuctorSuccessID" classname="ie.atu.passengerTest" time="0.006"/>
  <testcase name="testConstructorFailName" classname="ie.atu.passengerTest" time="0.005"/>
  <testcase name="testConstuctorSuccessPhone" classname="ie.atu.passengerTest" time="0.004"/>
  <testcase name="testConstuctorSuccessTitle" classname="ie.atu.passengerTest" time="0.004"/>
</testsuite>